[12:07:15] [Server thread/INFO]: Starting minecraft server version 1.12.2
[12:07:21] [Server thread/INFO]: Loading properties
[12:07:21] [Server thread/INFO]: Default game type: SURVIVAL
[12:07:21] [Server thread/INFO]: Generating keypair
[12:07:22] [Server thread/INFO]: Starting Minecraft server on *:25565
[12:07:22] [Server thread/INFO]: Using default channel type
[12:07:23] [Server thread/WARN]: **** SERVER IS RUNNING IN OFFLINE/INSECURE MODE!
[12:07:23] [Server thread/WARN]: The server will make no attempt to authenticate usernames. Beware.
[12:07:23] [Server thread/WARN]: While this makes the game possible to play without internet access, it also opens up the ability for hackers to connect with any username they choose.
[12:07:23] [Server thread/WARN]: To change this, set "online-mode" to "true" in the server.properties file.
[12:07:23] [Server thread/INFO]: Preparing level "world"
[12:07:25] [Server thread/INFO]: Loaded 488 advancements
[12:07:25] [Server thread/INFO]: Preparing start region for level 0
[12:07:26] [Server thread/INFO]: Preparing spawn area: 5%
[12:07:27] [Server thread/INFO]: Preparing spawn area: 70%
[12:07:28] [Server thread/INFO]: Done (4,118s)! For help, type "help" or "?"
[12:07:32] [Server thread/INFO]: Player772[/127.0.0.1:50278] logged in with entity id 454 at (253.21743388012885, 78.0, 94.67251998398321)
[12:07:32] [Server thread/INFO]: Player772 joined the game
[12:07:33] [Server thread/WARN]: Can't keep up! Did the system time change, or is the server overloaded? Running 3553ms behind, skipping 71 tick(s)
[12:07:42] [Server thread/INFO]: Player772 fell out of the world
[12:07:42] [Server thread/INFO]: [Player772: Killed Player772]
[12:08:04] [Server thread/INFO]: [Player772: Changing to rainy weather]
[12:08:09] [Server thread/INFO]: [Player772: Changing to rain and thunder]
[12:11:40] [Server thread/INFO]: [Player772: Changing to clear weather]
[12:12:03] [Server thread/INFO]: [Player772: Set the time to 1000]
[12:12:06] [Server thread/WARN]: Player772 moved too quickly! -10.529954861864496,1.900015209319605,-1.584351947336195
[12:12:07] [Server thread/WARN]: Can't keep up! Did the system time change, or is the server overloaded? Running 2427ms behind, skipping 48 tick(s)
[12:12:07] [Server thread/WARN]: Player772 moved too quickly! -1.2478661022696258,-10.806526110008988,-1.8840443201779067
[12:13:12] [Server thread/WARN]: Player772 moved too quickly! 1.8870569060344735,4.498037420253965,-9.45397670638844
[12:13:15] [Server thread/WARN]: Player772 moved too quickly! -5.163345510302719,4.411899059919691,-7.364589145205763
[12:17:03] [Server thread/WARN]: Player772 moved too quickly! 2.219617806098995,3.7500001490121377,9.535238549103141
[12:18:00] [Server thread/WARN]: Player772 moved too quickly! 3.001408078604271,3.374999792163564,-8.966322992065916
[12:20:01] [Server thread/WARN]: Can't keep up! Did the system time change, or is the server overloaded? Running 3448ms behind, skipping 68 tick(s)
[12:20:28] [Server thread/WARN]: Can't keep up! Did the system time change, or is the server overloaded? Running 4533ms behind, skipping 90 tick(s)
[12:23:05] [Server thread/INFO]: Player772 lost connection: Disconnected
[12:23:05] [Server thread/INFO]: Player772 left the game
[12:24:10] [Server thread/INFO]: Stopping the server
[12:24:10] [Server thread/INFO]: Stopping server
[12:24:10] [Server thread/INFO]: Saving players
[12:24:10] [Server thread/INFO]: Saving worlds
[12:24:10] [Server thread/INFO]: Saving chunks for level 'world'/overworld
[12:24:10] [Server thread/INFO]: Saving chunks for level 'world'/the_nether
[12:24:10] [Server thread/INFO]: Saving chunks for level 'world'/the_end
[12:24:10] [Server Shutdown Thread/INFO]: Stopping server
[12:24:10] [Server Shutdown Thread/INFO]: Saving players
[12:24:10] [Server Shutdown Thread/INFO]: Saving worlds
